<?xml version="1.0" encoding="UTF-8"?>
<testng-results skipped="0" failed="0" total="2" passed="2">
  <reporter-output>
  </reporter-output>
  <suite name="Aditya_iNetBanking_HybridFramework" duration-ms="99484" started-at="2021-09-28T16:03:19Z" finished-at="2021-09-28T16:04:58Z">
    <groups>
    </groups>
    <test name="Regression Test Suite" duration-ms="99484" started-at="2021-09-28T16:03:19Z" finished-at="2021-09-28T16:04:58Z">
      <class name="com.iNetBanking.testCases.TC_AddCustomerTest_003">
        <test-method status="PASS" signature="setup(java.lang.String)[pri:0, instance:com.iNetBanking.testCases.TC_AddCustomerTest_003@548b7f67]" name="setup" is-config="true" duration-ms="15729" started-at="2021-09-28T21:34:18Z" finished-at="2021-09-28T21:34:34Z">
          <params>
            <param index="0">
              <value>
                <![CDATA[chrome]]>
              </value>
            </param>
          </params>
          <reporter-output>
          </reporter-output>
        </test-method> <!-- setup -->
        <test-method status="PASS" signature="addNewCustomer()[pri:0, instance:com.iNetBanking.testCases.TC_AddCustomerTest_003@548b7f67]" name="addNewCustomer" duration-ms="23659" started-at="2021-09-28T21:34:34Z" finished-at="2021-09-28T21:34:57Z">
          <reporter-output>
          </reporter-output>
        </test-method> <!-- addNewCustomer -->
        <test-method status="PASS" signature="tearDown()[pri:0, instance:com.iNetBanking.testCases.TC_AddCustomerTest_003@548b7f67]" name="tearDown" is-config="true" duration-ms="871" started-at="2021-09-28T21:34:57Z" finished-at="2021-09-28T21:34:58Z">
          <reporter-output>
          </reporter-output>
        </test-method> <!-- tearDown -->
      </class> <!-- com.iNetBanking.testCases.TC_AddCustomerTest_003 -->
      <class name="com.iNetBanking.testCases.TC_LoginTest_001">
        <test-method status="PASS" signature="setUp()[pri:0, instance:com.iNetBanking.testCases.TC_LoginTest_001@6d8a00e3]" name="setUp" is-config="true" duration-ms="454" started-at="2021-09-28T21:33:18Z" finished-at="2021-09-28T21:33:19Z">
          <reporter-output>
          </reporter-output>
        </test-method> <!-- setUp -->
        <test-method status="PASS" signature="setup(java.lang.String)[pri:0, instance:com.iNetBanking.testCases.TC_LoginTest_001@6d8a00e3]" name="setup" is-config="true" duration-ms="54934" started-at="2021-09-28T21:33:19Z" finished-at="2021-09-28T21:34:14Z">
          <params>
            <param index="0">
              <value>
                <![CDATA[chrome]]>
              </value>
            </param>
          </params>
          <reporter-output>
          </reporter-output>
        </test-method> <!-- setup -->
        <test-method status="PASS" signature="LoginTest()[pri:0, instance:com.iNetBanking.testCases.TC_LoginTest_001@6d8a00e3]" name="LoginTest" duration-ms="3389" started-at="2021-09-28T21:34:14Z" finished-at="2021-09-28T21:34:17Z">
          <reporter-output>
          </reporter-output>
        </test-method> <!-- LoginTest -->
        <test-method status="PASS" signature="tearDown()[pri:0, instance:com.iNetBanking.testCases.TC_LoginTest_001@6d8a00e3]" name="tearDown" is-config="true" duration-ms="882" started-at="2021-09-28T21:34:17Z" finished-at="2021-09-28T21:34:18Z">
          <reporter-output>
          </reporter-output>
        </test-method> <!-- tearDown -->
        <test-method status="PASS" signature="tearDownReport()[pri:0, instance:com.iNetBanking.testCases.TC_LoginTest_001@6d8a00e3]" name="tearDownReport" is-config="true" duration-ms="771" started-at="2021-09-28T21:34:58Z" finished-at="2021-09-28T21:34:59Z">
          <reporter-output>
          </reporter-output>
        </test-method> <!-- tearDownReport -->
      </class> <!-- com.iNetBanking.testCases.TC_LoginTest_001 -->
    </test> <!-- Regression Test Suite -->
  </suite> <!-- Aditya_iNetBanking_HybridFramework -->
</testng-results>
