<?xml version="1.0" encoding="UTF-8"?>
<testsuite xmlns:xsi="http://www.w3.org/2001/XMLSchema-instance" xsi:noNamespaceSchemaLocation="https://maven.apache.org/surefire/maven-surefire-plugin/xsd/surefire-test-report-3.0.xsd" version="3.0" name="TestSuite" time="101.686" tests="2" errors="0" skipped="0" failures="0">
  <properties>
[...]
</properties>
  <testcase name="LoginTest" classname="com.iNetBanking.testCases.TC_LoginTest_001" time="3.345">
    <system-out><![CDATA[[INFO ] 2021-09-28 21:33:24.715 [main] BaseClass - Came Inside Setup method
[INFO ] 2021-09-28 21:34:09.741 [main] BaseClass - Opened the Chrome browser
[INFO ] 2021-09-28 21:34:15.178 [main] BaseClass - UserName entered
[INFO ] 2021-09-28 21:34:15.349 [main] BaseClass - Password entered
[INFO ] 2021-09-28 21:34:16.735 [main] BaseClass - Clicked on submit button
Screenshot taken
]]></system-out>
    <system-err><![CDATA[SLF4J: Failed to load class "org.slf4j.impl.StaticLoggerBinder".
SLF4J: Defaulting to no-operation (NOP) logger implementation
SLF4J: See http://www.slf4j.org/codes.html#StaticLoggerBinder for further details.
Starting ChromeDriver 93.0.4577.63 (ff5c0da2ec0adeaed5550e6c7e98417dac77d98a-refs/branch-heads/4577@{#1135}) on port 30969
Only local connections are allowed.
Please see https://chromedriver.chromium.org/security-considerations for suggestions on keeping ChromeDriver safe.
ChromeDriver was started successfully.
Sep 28, 2021 9:34:09 PM org.openqa.selenium.remote.ProtocolHandshake createSession
INFO: Detected dialect: W3C
]]></system-err>
  </testcase>
  <testcase name="addNewCustomer" classname="com.iNetBanking.testCases.TC_AddCustomerTest_003" time="23.62">
    <system-out><![CDATA[[INFO ] 2021-09-28 21:34:18.375 [main] BaseClass - -------------Successfully quited the browser------------
[INFO ] 2021-09-28 21:34:18.379 [main] BaseClass - Came Inside Setup method
[INFO ] 2021-09-28 21:34:25.918 [main] BaseClass - Opened the Chrome browser
[INFO ] 2021-09-28 21:34:34.284 [main] BaseClass - UserName entered
[INFO ] 2021-09-28 21:34:34.394 [main] BaseClass - Password entered
[INFO ] 2021-09-28 21:34:36.657 [main] BaseClass - Clicked on New Customer Link
[INFO ] 2021-09-28 21:34:36.658 [main] BaseClass - Entering the customer details
IrZtZkj@gmail.com
[INFO ] 2021-09-28 21:34:54.751 [main] BaseClass - Entered all the details and clicked on submit Button
[INFO ] 2021-09-28 21:34:57.767 [main] BaseClass - Pass - Customer Added successfully
]]></system-out>
    <system-err><![CDATA[Starting ChromeDriver 93.0.4577.63 (ff5c0da2ec0adeaed5550e6c7e98417dac77d98a-refs/branch-heads/4577@{#1135}) on port 9134
Only local connections are allowed.
Please see https://chromedriver.chromium.org/security-considerations for suggestions on keeping ChromeDriver safe.
ChromeDriver was started successfully.
Sep 28, 2021 9:34:25 PM org.openqa.selenium.remote.ProtocolHandshake createSession
INFO: Detected dialect: W3C
]]></system-err>
  </testcase>
</testsuite>