<?xml version="1.0" encoding="UTF-8"?>
<!-- Generated by org.testng.reporters.JUnitXMLReporter -->
<testsuite hostname="Aditya-PC" name="Regression Test Suite" tests="2" failures="0" timestamp="28 Sep 2021 16:04:58 GMT" time="99.484" errors="0">
  <testcase name="LoginTest" time="3.389" classname="com.iNetBanking.testCases.TC_LoginTest_001"/>
  <testcase name="addNewCustomer" time="23.659" classname="com.iNetBanking.testCases.TC_AddCustomerTest_003"/>
</testsuite> <!-- Regression Test Suite -->
